# TLS secrets log file, generated by OpenSSL / Python
SERVER_HANDSHAKE_TRAFFIC_SECRET be6e6c3d6d54cdb6256fa5561ddbba81501bb72f6ee1e370a42ad18efbe0e68b d7ed86bb2af546849cbdc1e8edace244f28e398135cee16620719be2a727902de03f60ac3a28edeb26f8440a66474ebc
EXPORTER_SECRET be6e6c3d6d54cdb6256fa5561ddbba81501bb72f6ee1e370a42ad18efbe0e68b b8a6db6a06f8cd130e3ef7dfe66f1f6babeed445c4a5e2d653f4d29678da4cc8e859334c5c921998f6888afc1aa0e4be
SERVER_TRAFFIC_SECRET_0 be6e6c3d6d54cdb6256fa5561ddbba81501bb72f6ee1e370a42ad18efbe0e68b 845a846f231fa4c9fa2374d6304663f4d2ec57b2ffdfa9ce32eb164918ec42fedb3ddf38cf1fbdedf62e43d78c24b5bc
CLIENT_HANDSHAKE_TRAFFIC_SECRET be6e6c3d6d54cdb6256fa5561ddbba81501bb72f6ee1e370a42ad18efbe0e68b 117f7c447ab84459cb5810294944c272d639af4674ca3049842d7146acc8f40dc5eda40755eba172ce3be40f934aa923
CLIENT_TRAFFIC_SECRET_0 be6e6c3d6d54cdb6256fa5561ddbba81501bb72f6ee1e370a42ad18efbe0e68b 766e4342ae6c84888337f46082e4d8bae51e5dec9a51160eeab1e4fdb6c3189f014f79fcff145a07ce716b2a293b0dc1
SERVER_HANDSHAKE_TRAFFIC_SECRET 19f464d74afcad81096487f78fbdb7a699a9e6319914758d376e15e09efb47b2 2e9da305f84cea5514dd7716ca5e1f86435a3e7ef750f1b68eeaae0119df36a28061327d85026886e027d377a7e2b58a
EXPORTER_SECRET 19f464d74afcad81096487f78fbdb7a699a9e6319914758d376e15e09efb47b2 ffae08426cbc57fce0924e719c22a52434d8362ffb19c4a0173801c8273f374ebc17dfba87316d1890ee961f3b487e73
SERVER_TRAFFIC_SECRET_0 19f464d74afcad81096487f78fbdb7a699a9e6319914758d376e15e09efb47b2 3d901f64692f0a09f682876ed845a3bd751a34c32ac539636b42091fd46ce48c7c3daacbb726bdcaccf040c0f92eee70
CLIENT_HANDSHAKE_TRAFFIC_SECRET 19f464d74afcad81096487f78fbdb7a699a9e6319914758d376e15e09efb47b2 c9e7ec37e69d02fe7952c5c4a63142a44deea854b8c7b2592a186bb6dd9996db1a5a90ccec5188559c57ae7203118fe2
CLIENT_TRAFFIC_SECRET_0 19f464d74afcad81096487f78fbdb7a699a9e6319914758d376e15e09efb47b2 5850a63884fcc1849a4c8abfea0c9337e4fbd37b77bdc1eeff51893150a6aa8c8cff7f7c1ca093b0d2a266a773787ad1
SERVER_HANDSHAKE_TRAFFIC_SECRET c878db0b207229eb868a0b024e900783f5273cea21cf308bec7a4a5d4f57fc83 07226b85b5545e9a955d2d3ad80572f82a2229cadf362d05ab07295bebcf47a150b84cea519e9acd918285c4b961fd2e
EXPORTER_SECRET c878db0b207229eb868a0b024e900783f5273cea21cf308bec7a4a5d4f57fc83 c801cf142e316de61921baf1d345a219c20bfa1d9e395f5ba167596964412e6b53afb1d9691a0f2e100d389d4ea62a2f
SERVER_TRAFFIC_SECRET_0 c878db0b207229eb868a0b024e900783f5273cea21cf308bec7a4a5d4f57fc83 6adeb58edc58554b0c8f638035cbbbd059990b9b87bfcfd64cee91f1ee18f078e3c7356afa002edd9e330fd8ab558d4d
CLIENT_HANDSHAKE_TRAFFIC_SECRET c878db0b207229eb868a0b024e900783f5273cea21cf308bec7a4a5d4f57fc83 3d16242d6704c89fa2ed62bd3094374ecf4ef1acf08d1b5cb026d82fbbdf350bd4cb2e1860469c5d1f20874205cbbdde
CLIENT_TRAFFIC_SECRET_0 c878db0b207229eb868a0b024e900783f5273cea21cf308bec7a4a5d4f57fc83 7e6de7e92e25e25228144c1a4d91e8554cde992a95431e74faa6fa6c785c78fe71ae15bd730d99d6051b83652b3ebf1f
SERVER_HANDSHAKE_TRAFFIC_SECRET ca809404dc6a184e2b33a78a7886208ab96c02f66623b3557bbb7019f60d40d4 4646a86e4c120901b4097f449faf77bb7bb4d0e9a068471af558981f236347d83733ae8c25ccd27f0ce32491ea322be1
EXPORTER_SECRET ca809404dc6a184e2b33a78a7886208ab96c02f66623b3557bbb7019f60d40d4 58c94b7027258772c490f161028877b25de9027f54830ee5b031213faec32f4df44b32cbfe7803edbbbe1f7146ca47b0
SERVER_TRAFFIC_SECRET_0 ca809404dc6a184e2b33a78a7886208ab96c02f66623b3557bbb7019f60d40d4 eff127e85fb63b952d61f1ec5a0d829259d05114d99904b04ee5e096099b8fb0b8ee17135ab4f81f3cfb85d13bdd88c7
CLIENT_HANDSHAKE_TRAFFIC_SECRET ca809404dc6a184e2b33a78a7886208ab96c02f66623b3557bbb7019f60d40d4 83f09f8f98e28eda4d0057974a21340e2d60edf0f0ded3d57e1b975bb049bf9668e7607c8d735d70a616e8a4a692e975
CLIENT_TRAFFIC_SECRET_0 ca809404dc6a184e2b33a78a7886208ab96c02f66623b3557bbb7019f60d40d4 139f9f7ceae20fcaf91c68a1fbfd1369992fb689f052627c4c0478ff064938ee003d58f6a7292bed70370058b7e63524
